{
  "RSpec": {
    "coverage": {
      "/Users/Student/bookmark-manager/Bookmarks-Manager-new/app.rb": [
        1,
        1,
        1,
        null,
        1,
        null,
        0,
        null,
        null,
        1,
        2,
        null,
        2,
        null,
        2,
        null,
        null,
        1,
        1,
        null,
        null,
        1,
        1,
        1,
        null,
        null,
        1,
        null
      ],
      "/Users/Student/bookmark-manager/Bookmarks-Manager-new/lib/bookmarks.rb": [
        1,
        null,
        1,
        null,
        null,
        1,
        4,
        4,
        null,
        0,
        null,
        null,
        4,
        12,
        null,
        null,
        null,
        1,
        2,
        2,
        null,
        0,
        null,
        null,
        2,
        null,
        null,
        null,
        null
      ],
      "/Users/Student/bookmark-manager/Bookmarks-Manager-new/spec/bookmarks_spec.rb": [
        1,
        1,
        1,
        null,
        1,
        null,
        null,
        null,
        null,
        null,
        null,
        1,
        1,
        1,
        null,
        null,
        1,
        1,
        1,
        null,
        1,
        null,
        1,
        1,
        1,
        null,
        null,
        1,
        1,
        1,
        1,
        null,
        1,
        null,
        null,
        null,
        null
      ],
      "/Users/Student/bookmark-manager/Bookmarks-Manager-new/spec/features/add_bookmark_spec.rb": [
        null,
        1,
        1,
        1,
        1,
        1,
        null,
        1,
        null,
        null
      ],
      "/Users/Student/bookmark-manager/Bookmarks-Manager-new/spec/features/bookmarks_features_spec.rb": [
        1,
        null,
        1,
        1,
        1,
        null,
        null,
        1,
        1,
        1,
        null,
        1,
        null,
        1,
        1,
        1,
        null,
        null
      ]
    },
    "timestamp": 1575043747
  }
}
